{
  "C:\\Users\\littl\\Documents\\_GIT_Krosmez\\OPENCLASSROOM\\Testez-et-am-liorez-une-application-full-stack\\front\\src\\polyfills.ts": {
    "path": "C:\\Users\\littl\\Documents\\_GIT_Krosmez\\OPENCLASSROOM\\Testez-et-am-liorez-une-application-full-stack\\front\\src\\polyfills.ts",
    "statementMap": {},
    "fnMap": {},
    "branchMap": {},
    "s": {},
    "f": {},
    "b": {},
    "inputSourceMap": {
      "version": 3,
      "names": [],
      "sources": [
        "C:\\Users\\littl\\Documents\\_GIT_Krosmez\\OPENCLASSROOM\\Testez-et-am-liorez-une-application-full-stack\\front\\src\\polyfills.ts"
      ],
      "sourcesContent": [
        "/**\r\n * This file includes polyfills needed by Angular and is loaded before the app.\r\n * You can add your own extra polyfills to this file.\r\n *\r\n * This file is divided into 2 sections:\r\n *   1. Browser polyfills. These are applied before loading ZoneJS and are sorted by browsers.\r\n *   2. Application imports. Files imported after ZoneJS that should be loaded before your main\r\n *      file.\r\n *\r\n * The current setup is for so-called \"evergreen\" browsers; the last versions of browsers that\r\n * automatically update themselves. This includes recent versions of Safari, Chrome (including\r\n * Opera), Edge on the desktop, and iOS and Chrome on mobile.\r\n *\r\n * Learn more in https://angular.io/guide/browser-support\r\n */\r\n\r\n/***************************************************************************************************\r\n * BROWSER POLYFILLS\r\n */\r\n\r\n/**\r\n * By default, zone.js will patch all possible macroTask and DomEvents\r\n * user can disable parts of macroTask/DomEvents patch by setting following flags\r\n * because those flags need to be set before `zone.js` being loaded, and webpack\r\n * will put import in the top of bundle, so user need to create a separate file\r\n * in this directory (for example: zone-flags.ts), and put the following flags\r\n * into that file, and then add the following code before importing zone.js.\r\n * import './zone-flags';\r\n *\r\n * The flags allowed in zone-flags.ts are listed here.\r\n *\r\n * The following flags will work for all browsers.\r\n *\r\n * (window as any).__Zone_disable_requestAnimationFrame = true; // disable patch requestAnimationFrame\r\n * (window as any).__Zone_disable_on_property = true; // disable patch onProperty such as onclick\r\n * (window as any).__zone_symbol__UNPATCHED_EVENTS = ['scroll', 'mousemove']; // disable patch specified eventNames\r\n *\r\n *  in IE/Edge developer tools, the addEventListener will also be wrapped by zone.js\r\n *  with the following flag, it will bypass `zone.js` patch for IE/Edge\r\n *\r\n *  (window as any).__Zone_enable_cross_context_check = true;\r\n *\r\n */\r\n\r\n/***************************************************************************************************\r\n * Zone JS is required by default for Angular itself.\r\n */\r\nimport 'zone.js';  // Included with Angular CLI.\r\n\r\n\r\n/***************************************************************************************************\r\n * APPLICATION IMPORTS\r\n */\r\n"
      ],
      "mappings": "AAAA;;;;;;;;;;;;;;;AAgBA;;;AAIA;;;;;;;;;;;;;;;;;;;;;;;AAwBA;;;AAGA,OAAO,SAAS,CAAC,CAAE;AAGnB",
      "ignoreList": []
    },
    "_coverageSchema": "1a1c01bbd47fc00a2c39e90264f33305004495a9",
    "hash": "aaa8c3025fcdb11e2ef447947b469cd2226baf79"
  },
  "C:\\Users\\littl\\Documents\\_GIT_Krosmez\\OPENCLASSROOM\\Testez-et-am-liorez-une-application-full-stack\\front\\src\\app\\core\\service\\session.service.ts": {
    "path": "C:\\Users\\littl\\Documents\\_GIT_Krosmez\\OPENCLASSROOM\\Testez-et-am-liorez-une-application-full-stack\\front\\src\\app\\core\\service\\session.service.ts",
    "statementMap": {
      "0": {
        "start": {
          "line": 3,
          "column": 41
        },
        "end": {
          "line": 39,
          "column": 4
        }
      },
      "1": {
        "start": {
          "line": 6,
          "column": 6
        },
        "end": {
          "line": 6,
          "column": 28
        }
      },
      "2": {
        "start": {
          "line": 7,
          "column": 6
        },
        "end": {
          "line": 7,
          "column": 64
        }
      },
      "3": {
        "start": {
          "line": 10,
          "column": 6
        },
        "end": {
          "line": 10,
          "column": 49
        }
      },
      "4": {
        "start": {
          "line": 13,
          "column": 6
        },
        "end": {
          "line": 13,
          "column": 37
        }
      },
      "5": {
        "start": {
          "line": 14,
          "column": 6
        },
        "end": {
          "line": 14,
          "column": 27
        }
      },
      "6": {
        "start": {
          "line": 15,
          "column": 6
        },
        "end": {
          "line": 15,
          "column": 18
        }
      },
      "7": {
        "start": {
          "line": 18,
          "column": 6
        },
        "end": {
          "line": 18,
          "column": 42
        }
      },
      "8": {
        "start": {
          "line": 19,
          "column": 6
        },
        "end": {
          "line": 19,
          "column": 28
        }
      },
      "9": {
        "start": {
          "line": 20,
          "column": 6
        },
        "end": {
          "line": 20,
          "column": 18
        }
      },
      "10": {
        "start": {
          "line": 23,
          "column": 6
        },
        "end": {
          "line": 23,
          "column": 47
        }
      },
      "11": {
        "start": {
          "line": 26,
          "column": 6
        },
        "end": {
          "line": 28,
          "column": 8
        }
      },
      "12": {
        "start": {
          "line": 27,
          "column": 8
        },
        "end": {
          "line": 27,
          "column": 59
        }
      },
      "13": {
        "start": {
          "line": 31,
          "column": 6
        },
        "end": {
          "line": 35,
          "column": 9
        }
      },
      "14": {
        "start": {
          "line": 38,
          "column": 2
        },
        "end": {
          "line": 38,
          "column": 24
        }
      }
    },
    "fnMap": {
      "0": {
        "name": "(anonymous_0)",
        "decl": {
          "start": {
            "line": 3,
            "column": 42
          },
          "end": {
            "line": 3,
            "column": 43
          }
        },
        "loc": {
          "start": {
            "line": 3,
            "column": 48
          },
          "end": {
            "line": 39,
            "column": 1
          }
        },
        "line": 3
      },
      "1": {
        "name": "(anonymous_1)",
        "decl": {
          "start": {
            "line": 5,
            "column": 4
          },
          "end": {
            "line": 5,
            "column": 5
          }
        },
        "loc": {
          "start": {
            "line": 5,
            "column": 18
          },
          "end": {
            "line": 8,
            "column": 5
          }
        },
        "line": 5
      },
      "2": {
        "name": "(anonymous_2)",
        "decl": {
          "start": {
            "line": 9,
            "column": 4
          },
          "end": {
            "line": 9,
            "column": 5
          }
        },
        "loc": {
          "start": {
            "line": 9,
            "column": 16
          },
          "end": {
            "line": 11,
            "column": 5
          }
        },
        "line": 9
      },
      "3": {
        "name": "(anonymous_3)",
        "decl": {
          "start": {
            "line": 12,
            "column": 4
          },
          "end": {
            "line": 12,
            "column": 5
          }
        },
        "loc": {
          "start": {
            "line": 12,
            "column": 16
          },
          "end": {
            "line": 16,
            "column": 5
          }
        },
        "line": 12
      },
      "4": {
        "name": "(anonymous_4)",
        "decl": {
          "start": {
            "line": 17,
            "column": 4
          },
          "end": {
            "line": 17,
            "column": 5
          }
        },
        "loc": {
          "start": {
            "line": 17,
            "column": 13
          },
          "end": {
            "line": 21,
            "column": 5
          }
        },
        "line": 17
      },
      "5": {
        "name": "(anonymous_5)",
        "decl": {
          "start": {
            "line": 22,
            "column": 4
          },
          "end": {
            "line": 22,
            "column": 5
          }
        },
        "loc": {
          "start": {
            "line": 22,
            "column": 11
          },
          "end": {
            "line": 24,
            "column": 5
          }
        },
        "line": 22
      },
      "6": {
        "name": "SessionService_Factory",
        "decl": {
          "start": {
            "line": 26,
            "column": 27
          },
          "end": {
            "line": 26,
            "column": 49
          }
        },
        "loc": {
          "start": {
            "line": 26,
            "column": 69
          },
          "end": {
            "line": 28,
            "column": 7
          }
        },
        "line": 26
      }
    },
    "branchMap": {
      "0": {
        "loc": {
          "start": {
            "line": 27,
            "column": 20
          },
          "end": {
            "line": 27,
            "column": 55
          }
        },
        "type": "binary-expr",
        "locations": [
          {
            "start": {
              "line": 27,
              "column": 20
            },
            "end": {
              "line": 27,
              "column": 37
            }
          },
          {
            "start": {
              "line": 27,
              "column": 41
            },
            "end": {
              "line": 27,
              "column": 55
            }
          }
        ],
        "line": 27
      }
    },
    "s": {
      "0": 23,
      "1": 23,
      "2": 23,
      "3": 888,
      "4": 17,
      "5": 17,
      "6": 17,
      "7": 4,
      "8": 4,
      "9": 4,
      "10": 21,
      "11": 23,
      "12": 23,
      "13": 23,
      "14": 23
    },
    "f": {
      "0": 23,
      "1": 23,
      "2": 888,
      "3": 17,
      "4": 4,
      "5": 21,
      "6": 23
    },
    "b": {
      "0": [
        23,
        23
      ]
    },
    "inputSourceMap": {
      "version": 3,
      "names": [
        "BehaviorSubject",
        "SessionService",
        "constructor",
        "isLogged",
        "isLoggedSubject",
        "$isLogged",
        "asObservable",
        "logIn",
        "user",
        "sessionInformation",
        "next",
        "logOut",
        "undefined",
        "factory",
        "ɵfac",
        "providedIn"
      ],
      "sources": [
        "C:\\Users\\littl\\Documents\\_GIT_Krosmez\\OPENCLASSROOM\\Testez-et-am-liorez-une-application-full-stack\\front\\src\\app\\core\\service\\session.service.ts"
      ],
      "sourcesContent": [
        "import { BehaviorSubject, Observable } from 'rxjs';\r\nimport { Injectable } from '@angular/core';\r\n\r\nimport { SessionInformation } from '../models/sessionInformation.interface';\r\n\r\n@Injectable({\r\n  providedIn: 'root',\r\n})\r\nexport class SessionService {\r\n  public isLogged = false;\r\n  public sessionInformation: SessionInformation | undefined;\r\n\r\n  private isLoggedSubject = new BehaviorSubject<boolean>(this.isLogged);\r\n\r\n  public $isLogged(): Observable<boolean> {\r\n    return this.isLoggedSubject.asObservable();\r\n  }\r\n\r\n  public logIn(user: SessionInformation): void {\r\n    this.sessionInformation = user;\r\n    this.isLogged = true;\r\n    this.next();\r\n  }\r\n\r\n  public logOut(): void {\r\n    this.sessionInformation = undefined;\r\n    this.isLogged = false;\r\n    this.next();\r\n  }\r\n\r\n  private next(): void {\r\n    this.isLoggedSubject.next(this.isLogged);\r\n  }\r\n}\r\n"
      ],
      "mappings": "AAAA,SAASA,eAAe,QAAoB,MAAM;;AAQlD,WAAaC,cAAc;EAArB,MAAOA,cAAc;IAH3BC,YAAA;MAIS,KAAAC,QAAQ,GAAG,KAAK;MAGf,KAAAC,eAAe,GAAG,IAAIJ,eAAe,CAAU,IAAI,CAACG,QAAQ,CAAC;;IAE9DE,SAASA,CAAA;MACd,OAAO,IAAI,CAACD,eAAe,CAACE,YAAY,EAAE;IAC5C;IAEOC,KAAKA,CAACC,IAAwB;MACnC,IAAI,CAACC,kBAAkB,GAAGD,IAAI;MAC9B,IAAI,CAACL,QAAQ,GAAG,IAAI;MACpB,IAAI,CAACO,IAAI,EAAE;IACb;IAEOC,MAAMA,CAAA;MACX,IAAI,CAACF,kBAAkB,GAAGG,SAAS;MACnC,IAAI,CAACT,QAAQ,GAAG,KAAK;MACrB,IAAI,CAACO,IAAI,EAAE;IACb;IAEQA,IAAIA,CAAA;MACV,IAAI,CAACN,eAAe,CAACM,IAAI,CAAC,IAAI,CAACP,QAAQ,CAAC;IAC1C;;;yCAxBWF,cAAc;MAAA;IAAA;;;eAAdA,cAAc;QAAAY,OAAA,EAAdZ,cAAc,CAAAa,IAAA;QAAAC,UAAA,EAFb;MAAM;IAAA;;SAEPd,cAAc;AAAA",
      "ignoreList": []
    },
    "_coverageSchema": "1a1c01bbd47fc00a2c39e90264f33305004495a9",
    "hash": "19d4389b992cc6c350434a2eb34449ba2bebc17b"
  },
  "C:\\Users\\littl\\Documents\\_GIT_Krosmez\\OPENCLASSROOM\\Testez-et-am-liorez-une-application-full-stack\\front\\src\\app\\guards\\unauth.guard.ts": {
    "path": "C:\\Users\\littl\\Documents\\_GIT_Krosmez\\OPENCLASSROOM\\Testez-et-am-liorez-une-application-full-stack\\front\\src\\app\\guards\\unauth.guard.ts",
    "statementMap": {
      "0": {
        "start": {
          "line": 4,
          "column": 38
        },
        "end": {
          "line": 31,
          "column": 4
        }
      },
      "1": {
        "start": {
          "line": 7,
          "column": 6
        },
        "end": {
          "line": 7,
          "column": 27
        }
      },
      "2": {
        "start": {
          "line": 8,
          "column": 6
        },
        "end": {
          "line": 8,
          "column": 43
        }
      },
      "3": {
        "start": {
          "line": 11,
          "column": 6
        },
        "end": {
          "line": 14,
          "column": 7
        }
      },
      "4": {
        "start": {
          "line": 12,
          "column": 8
        },
        "end": {
          "line": 12,
          "column": 42
        }
      },
      "5": {
        "start": {
          "line": 13,
          "column": 8
        },
        "end": {
          "line": 13,
          "column": 21
        }
      },
      "6": {
        "start": {
          "line": 15,
          "column": 6
        },
        "end": {
          "line": 15,
          "column": 18
        }
      },
      "7": {
        "start": {
          "line": 18,
          "column": 6
        },
        "end": {
          "line": 20,
          "column": 8
        }
      },
      "8": {
        "start": {
          "line": 19,
          "column": 8
        },
        "end": {
          "line": 19,
          "column": 110
        }
      },
      "9": {
        "start": {
          "line": 23,
          "column": 6
        },
        "end": {
          "line": 27,
          "column": 9
        }
      },
      "10": {
        "start": {
          "line": 30,
          "column": 2
        },
        "end": {
          "line": 30,
          "column": 21
        }
      }
    },
    "fnMap": {
      "0": {
        "name": "(anonymous_0)",
        "decl": {
          "start": {
            "line": 4,
            "column": 39
          },
          "end": {
            "line": 4,
            "column": 40
          }
        },
        "loc": {
          "start": {
            "line": 4,
            "column": 45
          },
          "end": {
            "line": 31,
            "column": 1
          }
        },
        "line": 4
      },
      "1": {
        "name": "(anonymous_1)",
        "decl": {
          "start": {
            "line": 6,
            "column": 4
          },
          "end": {
            "line": 6,
            "column": 5
          }
        },
        "loc": {
          "start": {
            "line": 6,
            "column": 40
          },
          "end": {
            "line": 9,
            "column": 5
          }
        },
        "line": 6
      },
      "2": {
        "name": "(anonymous_2)",
        "decl": {
          "start": {
            "line": 10,
            "column": 4
          },
          "end": {
            "line": 10,
            "column": 5
          }
        },
        "loc": {
          "start": {
            "line": 10,
            "column": 18
          },
          "end": {
            "line": 16,
            "column": 5
          }
        },
        "line": 10
      },
      "3": {
        "name": "UnauthGuard_Factory",
        "decl": {
          "start": {
            "line": 18,
            "column": 27
          },
          "end": {
            "line": 18,
            "column": 46
          }
        },
        "loc": {
          "start": {
            "line": 18,
            "column": 66
          },
          "end": {
            "line": 20,
            "column": 7
          }
        },
        "line": 18
      }
    },
    "branchMap": {
      "0": {
        "loc": {
          "start": {
            "line": 11,
            "column": 6
          },
          "end": {
            "line": 14,
            "column": 7
          }
        },
        "type": "if",
        "locations": [
          {
            "start": {
              "line": 11,
              "column": 6
            },
            "end": {
              "line": 14,
              "column": 7
            }
          },
          {
            "start": {
              "line": 11,
              "column": 6
            },
            "end": {
              "line": 14,
              "column": 7
            }
          }
        ],
        "line": 11
      },
      "1": {
        "loc": {
          "start": {
            "line": 19,
            "column": 20
          },
          "end": {
            "line": 19,
            "column": 52
          }
        },
        "type": "binary-expr",
        "locations": [
          {
            "start": {
              "line": 19,
              "column": 20
            },
            "end": {
              "line": 19,
              "column": 37
            }
          },
          {
            "start": {
              "line": 19,
              "column": 41
            },
            "end": {
              "line": 19,
              "column": 52
            }
          }
        ],
        "line": 19
      }
    },
    "s": {
      "0": 23,
      "1": 23,
      "2": 23,
      "3": 28,
      "4": 0,
      "5": 0,
      "6": 28,
      "7": 23,
      "8": 23,
      "9": 23,
      "10": 23
    },
    "f": {
      "0": 23,
      "1": 23,
      "2": 28,
      "3": 23
    },
    "b": {
      "0": [
        0,
        28
      ],
      "1": [
        23,
        23
      ]
    },
    "inputSourceMap": {
      "version": 3,
      "names": [
        "UnauthGuard",
        "constructor",
        "router",
        "sessionService",
        "canActivate",
        "isLogged",
        "navigate",
        "i0",
        "ɵɵinject",
        "i1",
        "Router",
        "i2",
        "SessionService",
        "factory",
        "ɵfac",
        "providedIn"
      ],
      "sources": [
        "C:\\Users\\littl\\Documents\\_GIT_Krosmez\\OPENCLASSROOM\\Testez-et-am-liorez-une-application-full-stack\\front\\src\\app\\guards\\unauth.guard.ts"
      ],
      "sourcesContent": [
        "import {Injectable} from \"@angular/core\";\r\nimport {CanActivate, Router} from \"@angular/router\";\r\nimport { SessionService } from \"../core/service/session.service\";\r\n\r\n@Injectable({providedIn: 'root'})\r\nexport class UnauthGuard implements CanActivate {\r\n\r\n  constructor(\r\n    private router: Router,\r\n    private sessionService: SessionService,\r\n  ) {\r\n  }\r\n\r\n  public canActivate(): boolean {\r\n    if (this.sessionService.isLogged) {\r\n      this.router.navigate(['rentals']);\r\n      return false;\r\n    }\r\n    return true;\r\n  }\r\n}\r\n"
      ],
      "mappings": ";;;AAKA,WAAaA,WAAW;EAAlB,MAAOA,WAAW;IAEtBC,YACUC,MAAc,EACdC,cAA8B;MAD9B,KAAAD,MAAM,GAANA,MAAM;MACN,KAAAC,cAAc,GAAdA,cAAc;IAExB;IAEOC,WAAWA,CAAA;MAChB,IAAI,IAAI,CAACD,cAAc,CAACE,QAAQ,EAAE;QAChC,IAAI,CAACH,MAAM,CAACI,QAAQ,CAAC,CAAC,SAAS,CAAC,CAAC;QACjC,OAAO,KAAK;MACd;MACA,OAAO,IAAI;IACb;;;yCAdWN,WAAW,EAAAO,EAAA,CAAAC,QAAA,CAAAC,EAAA,CAAAC,MAAA,GAAAH,EAAA,CAAAC,QAAA,CAAAG,EAAA,CAAAC,cAAA;MAAA;IAAA;;;eAAXZ,WAAW;QAAAa,OAAA,EAAXb,WAAW,CAAAc,IAAA;QAAAC,UAAA,EADC;MAAM;IAAA;;SAClBf,WAAW;AAAA",
      "ignoreList": []
    },
    "_coverageSchema": "1a1c01bbd47fc00a2c39e90264f33305004495a9",
    "hash": "82c981caf3f16370676334c43897721a5d40b3ad"
  },
  "C:\\Users\\littl\\Documents\\_GIT_Krosmez\\OPENCLASSROOM\\Testez-et-am-liorez-une-application-full-stack\\front\\src\\app\\guards\\auth.guard.ts": {
    "path": "C:\\Users\\littl\\Documents\\_GIT_Krosmez\\OPENCLASSROOM\\Testez-et-am-liorez-une-application-full-stack\\front\\src\\app\\guards\\auth.guard.ts",
    "statementMap": {
      "0": {
        "start": {
          "line": 4,
          "column": 36
        },
        "end": {
          "line": 31,
          "column": 4
        }
      },
      "1": {
        "start": {
          "line": 7,
          "column": 6
        },
        "end": {
          "line": 7,
          "column": 27
        }
      },
      "2": {
        "start": {
          "line": 8,
          "column": 6
        },
        "end": {
          "line": 8,
          "column": 43
        }
      },
      "3": {
        "start": {
          "line": 11,
          "column": 6
        },
        "end": {
          "line": 14,
          "column": 7
        }
      },
      "4": {
        "start": {
          "line": 12,
          "column": 8
        },
        "end": {
          "line": 12,
          "column": 40
        }
      },
      "5": {
        "start": {
          "line": 13,
          "column": 8
        },
        "end": {
          "line": 13,
          "column": 21
        }
      },
      "6": {
        "start": {
          "line": 15,
          "column": 6
        },
        "end": {
          "line": 15,
          "column": 18
        }
      },
      "7": {
        "start": {
          "line": 18,
          "column": 6
        },
        "end": {
          "line": 20,
          "column": 8
        }
      },
      "8": {
        "start": {
          "line": 19,
          "column": 8
        },
        "end": {
          "line": 19,
          "column": 108
        }
      },
      "9": {
        "start": {
          "line": 23,
          "column": 6
        },
        "end": {
          "line": 27,
          "column": 9
        }
      },
      "10": {
        "start": {
          "line": 30,
          "column": 2
        },
        "end": {
          "line": 30,
          "column": 19
        }
      }
    },
    "fnMap": {
      "0": {
        "name": "(anonymous_0)",
        "decl": {
          "start": {
            "line": 4,
            "column": 37
          },
          "end": {
            "line": 4,
            "column": 38
          }
        },
        "loc": {
          "start": {
            "line": 4,
            "column": 43
          },
          "end": {
            "line": 31,
            "column": 1
          }
        },
        "line": 4
      },
      "1": {
        "name": "(anonymous_1)",
        "decl": {
          "start": {
            "line": 6,
            "column": 4
          },
          "end": {
            "line": 6,
            "column": 5
          }
        },
        "loc": {
          "start": {
            "line": 6,
            "column": 40
          },
          "end": {
            "line": 9,
            "column": 5
          }
        },
        "line": 6
      },
      "2": {
        "name": "(anonymous_2)",
        "decl": {
          "start": {
            "line": 10,
            "column": 4
          },
          "end": {
            "line": 10,
            "column": 5
          }
        },
        "loc": {
          "start": {
            "line": 10,
            "column": 18
          },
          "end": {
            "line": 16,
            "column": 5
          }
        },
        "line": 10
      },
      "3": {
        "name": "AuthGuard_Factory",
        "decl": {
          "start": {
            "line": 18,
            "column": 27
          },
          "end": {
            "line": 18,
            "column": 44
          }
        },
        "loc": {
          "start": {
            "line": 18,
            "column": 64
          },
          "end": {
            "line": 20,
            "column": 7
          }
        },
        "line": 18
      }
    },
    "branchMap": {
      "0": {
        "loc": {
          "start": {
            "line": 11,
            "column": 6
          },
          "end": {
            "line": 14,
            "column": 7
          }
        },
        "type": "if",
        "locations": [
          {
            "start": {
              "line": 11,
              "column": 6
            },
            "end": {
              "line": 14,
              "column": 7
            }
          },
          {
            "start": {
              "line": 11,
              "column": 6
            },
            "end": {
              "line": 14,
              "column": 7
            }
          }
        ],
        "line": 11
      },
      "1": {
        "loc": {
          "start": {
            "line": 19,
            "column": 20
          },
          "end": {
            "line": 19,
            "column": 50
          }
        },
        "type": "binary-expr",
        "locations": [
          {
            "start": {
              "line": 19,
              "column": 20
            },
            "end": {
              "line": 19,
              "column": 37
            }
          },
          {
            "start": {
              "line": 19,
              "column": 41
            },
            "end": {
              "line": 19,
              "column": 50
            }
          }
        ],
        "line": 19
      }
    },
    "s": {
      "0": 23,
      "1": 18,
      "2": 18,
      "3": 20,
      "4": 1,
      "5": 1,
      "6": 19,
      "7": 23,
      "8": 18,
      "9": 23,
      "10": 23
    },
    "f": {
      "0": 23,
      "1": 18,
      "2": 20,
      "3": 18
    },
    "b": {
      "0": [
        1,
        19
      ],
      "1": [
        18,
        18
      ]
    },
    "inputSourceMap": {
      "version": 3,
      "names": [
        "AuthGuard",
        "constructor",
        "router",
        "sessionService",
        "canActivate",
        "isLogged",
        "navigate",
        "i0",
        "ɵɵinject",
        "i1",
        "Router",
        "i2",
        "SessionService",
        "factory",
        "ɵfac",
        "providedIn"
      ],
      "sources": [
        "C:\\Users\\littl\\Documents\\_GIT_Krosmez\\OPENCLASSROOM\\Testez-et-am-liorez-une-application-full-stack\\front\\src\\app\\guards\\auth.guard.ts"
      ],
      "sourcesContent": [
        "import {Injectable} from \"@angular/core\";\r\nimport {CanActivate, Router} from \"@angular/router\";\r\nimport { SessionService } from \"../core/service/session.service\";\r\n\r\n@Injectable({providedIn: 'root'})\r\nexport class AuthGuard implements CanActivate {\r\n\r\n  constructor(\r\n    private router: Router,\r\n    private sessionService: SessionService,\r\n  ) {\r\n  }\r\n\r\n  public canActivate(): boolean {\r\n    if (!this.sessionService.isLogged) {\r\n      this.router.navigate(['login']);\r\n      return false;\r\n    }\r\n    return true;\r\n  }\r\n}\r\n"
      ],
      "mappings": ";;;AAKA,WAAaA,SAAS;EAAhB,MAAOA,SAAS;IAEpBC,YACUC,MAAc,EACdC,cAA8B;MAD9B,KAAAD,MAAM,GAANA,MAAM;MACN,KAAAC,cAAc,GAAdA,cAAc;IAExB;IAEOC,WAAWA,CAAA;MAChB,IAAI,CAAC,IAAI,CAACD,cAAc,CAACE,QAAQ,EAAE;QACjC,IAAI,CAACH,MAAM,CAACI,QAAQ,CAAC,CAAC,OAAO,CAAC,CAAC;QAC/B,OAAO,KAAK;MACd;MACA,OAAO,IAAI;IACb;;;yCAdWN,SAAS,EAAAO,EAAA,CAAAC,QAAA,CAAAC,EAAA,CAAAC,MAAA,GAAAH,EAAA,CAAAC,QAAA,CAAAG,EAAA,CAAAC,cAAA;MAAA;IAAA;;;eAATZ,SAAS;QAAAa,OAAA,EAATb,SAAS,CAAAc,IAAA;QAAAC,UAAA,EADG;MAAM;IAAA;;SAClBf,SAAS;AAAA",
      "ignoreList": []
    },
    "_coverageSchema": "1a1c01bbd47fc00a2c39e90264f33305004495a9",
    "hash": "c0c66d06111420277903468f83d747f71ab33f8b"
  },
  "C:\\Users\\littl\\Documents\\_GIT_Krosmez\\OPENCLASSROOM\\Testez-et-am-liorez-une-application-full-stack\\front\\src\\app\\shared\\material.module.ts": {
    "path": "C:\\Users\\littl\\Documents\\_GIT_Krosmez\\OPENCLASSROOM\\Testez-et-am-liorez-une-application-full-stack\\front\\src\\app\\shared\\material.module.ts",
    "statementMap": {
      "0": {
        "start": {
          "line": 30,
          "column": 24
        },
        "end": {
          "line": 30,
          "column": 517
        }
      },
      "1": {
        "start": {
          "line": 31,
          "column": 41
        },
        "end": {
          "line": 50,
          "column": 4
        }
      },
      "2": {
        "start": {
          "line": 34,
          "column": 6
        },
        "end": {
          "line": 36,
          "column": 8
        }
      },
      "3": {
        "start": {
          "line": 35,
          "column": 8
        },
        "end": {
          "line": 35,
          "column": 59
        }
      },
      "4": {
        "start": {
          "line": 39,
          "column": 6
        },
        "end": {
          "line": 41,
          "column": 9
        }
      },
      "5": {
        "start": {
          "line": 44,
          "column": 6
        },
        "end": {
          "line": 46,
          "column": 9
        }
      },
      "6": {
        "start": {
          "line": 49,
          "column": 2
        },
        "end": {
          "line": 49,
          "column": 24
        }
      }
    },
    "fnMap": {
      "0": {
        "name": "(anonymous_0)",
        "decl": {
          "start": {
            "line": 31,
            "column": 42
          },
          "end": {
            "line": 31,
            "column": 43
          }
        },
        "loc": {
          "start": {
            "line": 31,
            "column": 48
          },
          "end": {
            "line": 50,
            "column": 1
          }
        },
        "line": 31
      },
      "1": {
        "name": "MaterialModule_Factory",
        "decl": {
          "start": {
            "line": 34,
            "column": 27
          },
          "end": {
            "line": 34,
            "column": 49
          }
        },
        "loc": {
          "start": {
            "line": 34,
            "column": 69
          },
          "end": {
            "line": 36,
            "column": 7
          }
        },
        "line": 34
      }
    },
    "branchMap": {
      "0": {
        "loc": {
          "start": {
            "line": 35,
            "column": 20
          },
          "end": {
            "line": 35,
            "column": 55
          }
        },
        "type": "binary-expr",
        "locations": [
          {
            "start": {
              "line": 35,
              "column": 20
            },
            "end": {
              "line": 35,
              "column": 37
            }
          },
          {
            "start": {
              "line": 35,
              "column": 41
            },
            "end": {
              "line": 35,
              "column": 55
            }
          }
        ],
        "line": 35
      }
    },
    "s": {
      "0": 23,
      "1": 23,
      "2": 23,
      "3": 78,
      "4": 23,
      "5": 23,
      "6": 23
    },
    "f": {
      "0": 23,
      "1": 78
    },
    "b": {
      "0": [
        78,
        78
      ]
    },
    "inputSourceMap": {
      "version": 3,
      "names": [
        "OverlayModule",
        "CdkTreeModule",
        "PortalModule",
        "MatAutocompleteModule",
        "MatButtonModule",
        "MatButtonToggleModule",
        "MatCardModule",
        "MatCheckboxModule",
        "MatChipsModule",
        "MatRippleModule",
        "MatDividerModule",
        "MatExpansionModule",
        "MatFormFieldModule",
        "MatIconModule",
        "MatInputModule",
        "MatListModule",
        "MatMenuModule",
        "MatPaginatorModule",
        "MatProgressSpinnerModule",
        "MatSelectModule",
        "MatSidenavModule",
        "MatSnackBarModule",
        "MatSortModule",
        "MatTableModule",
        "MatTabsModule",
        "MatToolbarModule",
        "MatTreeModule",
        "ReactiveFormsModule",
        "materialModules",
        "MaterialModule"
      ],
      "sources": [
        "C:\\Users\\littl\\Documents\\_GIT_Krosmez\\OPENCLASSROOM\\Testez-et-am-liorez-une-application-full-stack\\front\\src\\app\\shared\\material.module.ts"
      ],
      "sourcesContent": [
        "import { NgModule } from '@angular/core';\r\nimport { OverlayModule } from '@angular/cdk/overlay';\r\nimport { CdkTreeModule } from '@angular/cdk/tree';\r\nimport { PortalModule } from '@angular/cdk/portal';\r\nimport { MatAutocompleteModule } from '@angular/material/autocomplete';\r\nimport { MatButtonModule } from '@angular/material/button';\r\nimport { MatButtonToggleModule } from '@angular/material/button-toggle';\r\nimport { MatCardModule } from '@angular/material/card';\r\nimport { MatCheckboxModule } from '@angular/material/checkbox';\r\nimport { MatChipsModule } from '@angular/material/chips';\r\nimport { MatRippleModule } from '@angular/material/core';\r\nimport { MatDividerModule } from '@angular/material/divider';\r\nimport { MatExpansionModule } from '@angular/material/expansion';\r\nimport { MatFormFieldModule } from '@angular/material/form-field';\r\nimport { MatIconModule } from '@angular/material/icon';\r\nimport { MatInputModule } from '@angular/material/input';\r\nimport { MatListModule } from '@angular/material/list';\r\nimport { MatMenuModule } from '@angular/material/menu';\r\nimport { MatPaginatorModule } from '@angular/material/paginator';\r\nimport { MatProgressSpinnerModule } from '@angular/material/progress-spinner';\r\nimport { MatSelectModule } from '@angular/material/select';\r\nimport { MatSidenavModule } from '@angular/material/sidenav';\r\nimport { MatSnackBarModule } from '@angular/material/snack-bar';\r\nimport { MatSortModule } from '@angular/material/sort';\r\nimport { MatTableModule } from '@angular/material/table';\r\nimport { MatTabsModule } from '@angular/material/tabs';\r\nimport { MatToolbarModule } from '@angular/material/toolbar';\r\nimport { MatTreeModule } from '@angular/material/tree';\r\nimport { ReactiveFormsModule } from '@angular/forms';\r\n\r\n\r\nconst materialModules = [\r\n  ReactiveFormsModule,\r\n  CdkTreeModule,\r\n  MatAutocompleteModule,\r\n  MatButtonModule,\r\n  MatCardModule,\r\n  MatCheckboxModule,\r\n  MatChipsModule,\r\n  MatDividerModule,\r\n  MatExpansionModule,\r\n  MatIconModule,\r\n  MatInputModule,\r\n  MatListModule,\r\n  MatMenuModule,\r\n  MatProgressSpinnerModule,\r\n  MatPaginatorModule,\r\n  MatRippleModule,\r\n  MatSelectModule,\r\n  MatSidenavModule,\r\n  MatSnackBarModule,\r\n  MatSortModule,\r\n  MatTableModule,\r\n  MatTabsModule,\r\n  MatToolbarModule,\r\n  MatFormFieldModule,\r\n  MatButtonToggleModule,\r\n  MatTreeModule,\r\n  OverlayModule,\r\n  PortalModule\r\n];\r\n\r\n@NgModule({\r\n  imports: [\r\n    ...materialModules\r\n  ],\r\n  exports: [\r\n    ...materialModules\r\n  ],\r\n})\r\nexport class MaterialModule { }\r\n"
      ],
      "mappings": "AACA,SAASA,aAAa,QAAQ,sBAAsB;AACpD,SAASC,aAAa,QAAQ,mBAAmB;AACjD,SAASC,YAAY,QAAQ,qBAAqB;AAClD,SAASC,qBAAqB,QAAQ,gCAAgC;AACtE,SAASC,eAAe,QAAQ,0BAA0B;AAC1D,SAASC,qBAAqB,QAAQ,iCAAiC;AACvE,SAASC,aAAa,QAAQ,wBAAwB;AACtD,SAASC,iBAAiB,QAAQ,4BAA4B;AAC9D,SAASC,cAAc,QAAQ,yBAAyB;AACxD,SAASC,eAAe,QAAQ,wBAAwB;AACxD,SAASC,gBAAgB,QAAQ,2BAA2B;AAC5D,SAASC,kBAAkB,QAAQ,6BAA6B;AAChE,SAASC,kBAAkB,QAAQ,8BAA8B;AACjE,SAASC,aAAa,QAAQ,wBAAwB;AACtD,SAASC,cAAc,QAAQ,yBAAyB;AACxD,SAASC,aAAa,QAAQ,wBAAwB;AACtD,SAASC,aAAa,QAAQ,wBAAwB;AACtD,SAASC,kBAAkB,QAAQ,6BAA6B;AAChE,SAASC,wBAAwB,QAAQ,oCAAoC;AAC7E,SAASC,eAAe,QAAQ,0BAA0B;AAC1D,SAASC,gBAAgB,QAAQ,2BAA2B;AAC5D,SAASC,iBAAiB,QAAQ,6BAA6B;AAC/D,SAASC,aAAa,QAAQ,wBAAwB;AACtD,SAASC,cAAc,QAAQ,yBAAyB;AACxD,SAASC,aAAa,QAAQ,wBAAwB;AACtD,SAASC,gBAAgB,QAAQ,2BAA2B;AAC5D,SAASC,aAAa,QAAQ,wBAAwB;AACtD,SAASC,mBAAmB,QAAQ,gBAAgB;;AAGpD,MAAMC,eAAe,GAAG,CACtBD,mBAAmB,EACnB1B,aAAa,EACbE,qBAAqB,EACrBC,eAAe,EACfE,aAAa,EACbC,iBAAiB,EACjBC,cAAc,EACdE,gBAAgB,EAChBC,kBAAkB,EAClBE,aAAa,EACbC,cAAc,EACdC,aAAa,EACbC,aAAa,EACbE,wBAAwB,EACxBD,kBAAkB,EAClBR,eAAe,EACfU,eAAe,EACfC,gBAAgB,EAChBC,iBAAiB,EACjBC,aAAa,EACbC,cAAc,EACdC,aAAa,EACbC,gBAAgB,EAChBb,kBAAkB,EAClBP,qBAAqB,EACrBqB,aAAa,EACb1B,aAAa,EACbE,YAAY,CACb;AAUD,WAAa2B,cAAc;EAArB,MAAOA,cAAc;;;yCAAdA,cAAc;MAAA;IAAA;;;cAAdA;MAAc;IAAA;;;kBANpBD,eAAe,EAhCpBD,mBAAmB,EACnB1B,aAAa,EACbE,qBAAqB,EACrBC,eAAe,EACfE,aAAa,EACbC,iBAAiB,EACjBC,cAAc,EACdE,gBAAgB,EAChBC,kBAAkB,EAClBE,aAAa,EACbC,cAAc,EACdC,aAAa,EACbC,aAAa,EACbE,wBAAwB,EACxBD,kBAAkB,EAClBR,eAAe,EACfU,eAAe,EACfC,gBAAgB,EAChBC,iBAAiB,EACjBC,aAAa,EACbC,cAAc,EACdC,aAAa,EACbC,gBAAgB,EAChBb,kBAAkB,EAClBP,qBAAqB,EACrBqB,aAAa,EACb1B,aAAa,EACbE,YAAY;MAAA;IAAA;;SAWD2B,cAAc;AAAA",
      "ignoreList": []
    },
    "_coverageSchema": "1a1c01bbd47fc00a2c39e90264f33305004495a9",
    "hash": "1ba9320473dc44954fd724cbd10e57d7994aeb5e"
  },
  "C:\\Users\\littl\\Documents\\_GIT_Krosmez\\OPENCLASSROOM\\Testez-et-am-liorez-une-application-full-stack\\front\\src\\app\\core\\service\\user.service.ts": {
    "path": "C:\\Users\\littl\\Documents\\_GIT_Krosmez\\OPENCLASSROOM\\Testez-et-am-liorez-une-application-full-stack\\front\\src\\app\\core\\service\\user.service.ts",
    "statementMap": {
      "0": {
        "start": {
          "line": 3,
          "column": 38
        },
        "end": {
          "line": 29,
          "column": 4
        }
      },
      "1": {
        "start": {
          "line": 6,
          "column": 6
        },
        "end": {
          "line": 6,
          "column": 35
        }
      },
      "2": {
        "start": {
          "line": 7,
          "column": 6
        },
        "end": {
          "line": 7,
          "column": 36
        }
      },
      "3": {
        "start": {
          "line": 10,
          "column": 6
        },
        "end": {
          "line": 10,
          "column": 62
        }
      },
      "4": {
        "start": {
          "line": 13,
          "column": 6
        },
        "end": {
          "line": 13,
          "column": 65
        }
      },
      "5": {
        "start": {
          "line": 16,
          "column": 6
        },
        "end": {
          "line": 18,
          "column": 8
        }
      },
      "6": {
        "start": {
          "line": 17,
          "column": 8
        },
        "end": {
          "line": 17,
          "column": 82
        }
      },
      "7": {
        "start": {
          "line": 21,
          "column": 6
        },
        "end": {
          "line": 25,
          "column": 9
        }
      },
      "8": {
        "start": {
          "line": 28,
          "column": 2
        },
        "end": {
          "line": 28,
          "column": 21
        }
      }
    },
    "fnMap": {
      "0": {
        "name": "(anonymous_0)",
        "decl": {
          "start": {
            "line": 3,
            "column": 39
          },
          "end": {
            "line": 3,
            "column": 40
          }
        },
        "loc": {
          "start": {
            "line": 3,
            "column": 45
          },
          "end": {
            "line": 29,
            "column": 1
          }
        },
        "line": 3
      },
      "1": {
        "name": "(anonymous_1)",
        "decl": {
          "start": {
            "line": 5,
            "column": 4
          },
          "end": {
            "line": 5,
            "column": 5
          }
        },
        "loc": {
          "start": {
            "line": 5,
            "column": 28
          },
          "end": {
            "line": 8,
            "column": 5
          }
        },
        "line": 5
      },
      "2": {
        "name": "(anonymous_2)",
        "decl": {
          "start": {
            "line": 9,
            "column": 4
          },
          "end": {
            "line": 9,
            "column": 5
          }
        },
        "loc": {
          "start": {
            "line": 9,
            "column": 16
          },
          "end": {
            "line": 11,
            "column": 5
          }
        },
        "line": 9
      },
      "3": {
        "name": "(anonymous_3)",
        "decl": {
          "start": {
            "line": 12,
            "column": 4
          },
          "end": {
            "line": 12,
            "column": 5
          }
        },
        "loc": {
          "start": {
            "line": 12,
            "column": 15
          },
          "end": {
            "line": 14,
            "column": 5
          }
        },
        "line": 12
      },
      "4": {
        "name": "UserService_Factory",
        "decl": {
          "start": {
            "line": 16,
            "column": 27
          },
          "end": {
            "line": 16,
            "column": 46
          }
        },
        "loc": {
          "start": {
            "line": 16,
            "column": 66
          },
          "end": {
            "line": 18,
            "column": 7
          }
        },
        "line": 16
      }
    },
    "branchMap": {
      "0": {
        "loc": {
          "start": {
            "line": 17,
            "column": 20
          },
          "end": {
            "line": 17,
            "column": 52
          }
        },
        "type": "binary-expr",
        "locations": [
          {
            "start": {
              "line": 17,
              "column": 20
            },
            "end": {
              "line": 17,
              "column": 37
            }
          },
          {
            "start": {
              "line": 17,
              "column": 41
            },
            "end": {
              "line": 17,
              "column": 52
            }
          }
        ],
        "line": 17
      }
    },
    "s": {
      "0": 23,
      "1": 1,
      "2": 1,
      "3": 1,
      "4": 0,
      "5": 23,
      "6": 1,
      "7": 23,
      "8": 23
    },
    "f": {
      "0": 23,
      "1": 1,
      "2": 1,
      "3": 0,
      "4": 1
    },
    "b": {
      "0": [
        1,
        1
      ]
    },
    "inputSourceMap": {
      "version": 3,
      "names": [
        "UserService",
        "constructor",
        "httpClient",
        "pathService",
        "getById",
        "id",
        "get",
        "delete",
        "i0",
        "ɵɵinject",
        "i1",
        "HttpClient",
        "factory",
        "ɵfac",
        "providedIn"
      ],
      "sources": [
        "C:\\Users\\littl\\Documents\\_GIT_Krosmez\\OPENCLASSROOM\\Testez-et-am-liorez-une-application-full-stack\\front\\src\\app\\core\\service\\user.service.ts"
      ],
      "sourcesContent": [
        "import { HttpClient } from '@angular/common/http';\r\nimport { Injectable } from '@angular/core';\r\nimport { Observable } from 'rxjs';\r\n\r\nimport { User } from '../models/user.interface';\r\n\r\n@Injectable({\r\n  providedIn: 'root',\r\n})\r\nexport class UserService {\r\n  private pathService = 'api/user';\r\n\r\n  constructor(private httpClient: HttpClient) {}\r\n\r\n  public getById(id: string): Observable<User> {\r\n    return this.httpClient.get<User>(`${this.pathService}/${id}`);\r\n  }\r\n\r\n  public delete(id: string): Observable<void> {\r\n    return this.httpClient.delete<void>(`${this.pathService}/${id}`);\r\n  }\r\n}\r\n"
      ],
      "mappings": ";;AASA,WAAaA,WAAW;EAAlB,MAAOA,WAAW;IAGtBC,YAAoBC,UAAsB;MAAtB,KAAAA,UAAU,GAAVA,UAAU;MAFtB,KAAAC,WAAW,GAAG,UAAU;IAEa;IAEtCC,OAAOA,CAACC,EAAU;MACvB,OAAO,IAAI,CAACH,UAAU,CAACI,GAAG,CAAO,GAAG,IAAI,CAACH,WAAW,IAAIE,EAAE,EAAE,CAAC;IAC/D;IAEOE,MAAMA,CAACF,EAAU;MACtB,OAAO,IAAI,CAACH,UAAU,CAACK,MAAM,CAAO,GAAG,IAAI,CAACJ,WAAW,IAAIE,EAAE,EAAE,CAAC;IAClE;;;yCAXWL,WAAW,EAAAQ,EAAA,CAAAC,QAAA,CAAAC,EAAA,CAAAC,UAAA;MAAA;IAAA;;;eAAXX,WAAW;QAAAY,OAAA,EAAXZ,WAAW,CAAAa,IAAA;QAAAC,UAAA,EAFV;MAAM;IAAA;;SAEPd,WAAW;AAAA",
      "ignoreList": []
    },
    "_coverageSchema": "1a1c01bbd47fc00a2c39e90264f33305004495a9",
    "hash": "a53c97848dc7a21b539207a4dd941c2305e6df3a"
  },
  "C:\\Users\\littl\\Documents\\_GIT_Krosmez\\OPENCLASSROOM\\Testez-et-am-liorez-une-application-full-stack\\front\\src\\app\\components\\me\\me.component.ts": {
    "path": "C:\\Users\\littl\\Documents\\_GIT_Krosmez\\OPENCLASSROOM\\Testez-et-am-liorez-une-application-full-stack\\front\\src\\app\\components\\me\\me.component.ts",
    "statementMap": {
      "0": {
        "start": {
          "line": 16,
          "column": 2
        },
        "end": {
          "line": 20,
          "column": 3
        }
      },
      "1": {
        "start": {
          "line": 17,
          "column": 4
        },
        "end": {
          "line": 17,
          "column": 33
        }
      },
      "2": {
        "start": {
          "line": 18,
          "column": 4
        },
        "end": {
          "line": 18,
          "column": 34
        }
      },
      "3": {
        "start": {
          "line": 19,
          "column": 4
        },
        "end": {
          "line": 19,
          "column": 22
        }
      },
      "4": {
        "start": {
          "line": 23,
          "column": 2
        },
        "end": {
          "line": 40,
          "column": 3
        }
      },
      "5": {
        "start": {
          "line": 24,
          "column": 16
        },
        "end": {
          "line": 24,
          "column": 37
        }
      },
      "6": {
        "start": {
          "line": 25,
          "column": 4
        },
        "end": {
          "line": 25,
          "column": 43
        }
      },
      "7": {
        "start": {
          "line": 26,
          "column": 4
        },
        "end": {
          "line": 26,
          "column": 39
        }
      },
      "8": {
        "start": {
          "line": 27,
          "column": 4
        },
        "end": {
          "line": 27,
          "column": 22
        }
      },
      "9": {
        "start": {
          "line": 28,
          "column": 4
        },
        "end": {
          "line": 28,
          "column": 38
        }
      },
      "10": {
        "start": {
          "line": 29,
          "column": 4
        },
        "end": {
          "line": 33,
          "column": 7
        }
      },
      "11": {
        "start": {
          "line": 30,
          "column": 6
        },
        "end": {
          "line": 30,
          "column": 28
        }
      },
      "12": {
        "start": {
          "line": 31,
          "column": 21
        },
        "end": {
          "line": 31,
          "column": 40
        }
      },
      "13": {
        "start": {
          "line": 32,
          "column": 6
        },
        "end": {
          "line": 32,
          "column": 45
        }
      },
      "14": {
        "start": {
          "line": 34,
          "column": 4
        },
        "end": {
          "line": 34,
          "column": 37
        }
      },
      "15": {
        "start": {
          "line": 35,
          "column": 4
        },
        "end": {
          "line": 35,
          "column": 27
        }
      },
      "16": {
        "start": {
          "line": 36,
          "column": 4
        },
        "end": {
          "line": 36,
          "column": 22
        }
      },
      "17": {
        "start": {
          "line": 37,
          "column": 4
        },
        "end": {
          "line": 37,
          "column": 36
        }
      },
      "18": {
        "start": {
          "line": 38,
          "column": 4
        },
        "end": {
          "line": 38,
          "column": 27
        }
      },
      "19": {
        "start": {
          "line": 39,
          "column": 4
        },
        "end": {
          "line": 39,
          "column": 26
        }
      },
      "20": {
        "start": {
          "line": 43,
          "column": 2
        },
        "end": {
          "line": 58,
          "column": 3
        }
      },
      "21": {
        "start": {
          "line": 44,
          "column": 4
        },
        "end": {
          "line": 44,
          "column": 43
        }
      },
      "22": {
        "start": {
          "line": 45,
          "column": 4
        },
        "end": {
          "line": 45,
          "column": 17
        }
      },
      "23": {
        "start": {
          "line": 46,
          "column": 4
        },
        "end": {
          "line": 46,
          "column": 30
        }
      },
      "24": {
        "start": {
          "line": 47,
          "column": 4
        },
        "end": {
          "line": 47,
          "column": 22
        }
      },
      "25": {
        "start": {
          "line": 48,
          "column": 4
        },
        "end": {
          "line": 48,
          "column": 30
        }
      },
      "26": {
        "start": {
          "line": 49,
          "column": 4
        },
        "end": {
          "line": 49,
          "column": 17
        }
      },
      "27": {
        "start": {
          "line": 50,
          "column": 4
        },
        "end": {
          "line": 50,
          "column": 22
        }
      },
      "28": {
        "start": {
          "line": 51,
          "column": 4
        },
        "end": {
          "line": 51,
          "column": 156
        }
      },
      "29": {
        "start": {
          "line": 52,
          "column": 4
        },
        "end": {
          "line": 52,
          "column": 52
        }
      },
      "30": {
        "start": {
          "line": 53,
          "column": 4
        },
        "end": {
          "line": 53,
          "column": 35
        }
      },
      "31": {
        "start": {
          "line": 54,
          "column": 4
        },
        "end": {
          "line": 54,
          "column": 22
        }
      },
      "32": {
        "start": {
          "line": 55,
          "column": 4
        },
        "end": {
          "line": 55,
          "column": 18
        }
      },
      "33": {
        "start": {
          "line": 56,
          "column": 4
        },
        "end": {
          "line": 56,
          "column": 26
        }
      },
      "34": {
        "start": {
          "line": 57,
          "column": 4
        },
        "end": {
          "line": 57,
          "column": 26
        }
      },
      "35": {
        "start": {
          "line": 59,
          "column": 2
        },
        "end": {
          "line": 71,
          "column": 3
        }
      },
      "36": {
        "start": {
          "line": 60,
          "column": 19
        },
        "end": {
          "line": 60,
          "column": 37
        }
      },
      "37": {
        "start": {
          "line": 61,
          "column": 4
        },
        "end": {
          "line": 61,
          "column": 20
        }
      },
      "38": {
        "start": {
          "line": 62,
          "column": 4
        },
        "end": {
          "line": 62,
          "column": 112
        }
      },
      "39": {
        "start": {
          "line": 63,
          "column": 4
        },
        "end": {
          "line": 63,
          "column": 20
        }
      },
      "40": {
        "start": {
          "line": 64,
          "column": 4
        },
        "end": {
          "line": 64,
          "column": 60
        }
      },
      "41": {
        "start": {
          "line": 65,
          "column": 4
        },
        "end": {
          "line": 65,
          "column": 19
        }
      },
      "42": {
        "start": {
          "line": 66,
          "column": 4
        },
        "end": {
          "line": 66,
          "column": 49
        }
      },
      "43": {
        "start": {
          "line": 67,
          "column": 4
        },
        "end": {
          "line": 67,
          "column": 19
        }
      },
      "44": {
        "start": {
          "line": 68,
          "column": 4
        },
        "end": {
          "line": 68,
          "column": 50
        }
      },
      "45": {
        "start": {
          "line": 69,
          "column": 4
        },
        "end": {
          "line": 69,
          "column": 20
        }
      },
      "46": {
        "start": {
          "line": 70,
          "column": 4
        },
        "end": {
          "line": 70,
          "column": 93
        }
      },
      "47": {
        "start": {
          "line": 73,
          "column": 38
        },
        "end": {
          "line": 140,
          "column": 4
        }
      },
      "48": {
        "start": {
          "line": 76,
          "column": 6
        },
        "end": {
          "line": 76,
          "column": 35
        }
      },
      "49": {
        "start": {
          "line": 77,
          "column": 6
        },
        "end": {
          "line": 77,
          "column": 51
        }
      },
      "50": {
        "start": {
          "line": 78,
          "column": 6
        },
        "end": {
          "line": 78,
          "column": 45
        }
      },
      "51": {
        "start": {
          "line": 79,
          "column": 6
        },
        "end": {
          "line": 79,
          "column": 45
        }
      },
      "52": {
        "start": {
          "line": 80,
          "column": 6
        },
        "end": {
          "line": 80,
          "column": 36
        }
      },
      "53": {
        "start": {
          "line": 83,
          "column": 6
        },
        "end": {
          "line": 83,
          "column": 152
        }
      },
      "54": {
        "start": {
          "line": 83,
          "column": 134
        },
        "end": {
          "line": 83,
          "column": 150
        }
      },
      "55": {
        "start": {
          "line": 86,
          "column": 6
        },
        "end": {
          "line": 86,
          "column": 27
        }
      },
      "56": {
        "start": {
          "line": 87,
          "column": 6
        },
        "end": {
          "line": 87,
          "column": 31
        }
      },
      "57": {
        "start": {
          "line": 90,
          "column": 6
        },
        "end": {
          "line": 90,
          "column": 28
        }
      },
      "58": {
        "start": {
          "line": 93,
          "column": 6
        },
        "end": {
          "line": 99,
          "column": 9
        }
      },
      "59": {
        "start": {
          "line": 94,
          "column": 8
        },
        "end": {
          "line": 96,
          "column": 11
        }
      },
      "60": {
        "start": {
          "line": 97,
          "column": 8
        },
        "end": {
          "line": 97,
          "column": 37
        }
      },
      "61": {
        "start": {
          "line": 98,
          "column": 8
        },
        "end": {
          "line": 98,
          "column": 36
        }
      },
      "62": {
        "start": {
          "line": 102,
          "column": 6
        },
        "end": {
          "line": 104,
          "column": 8
        }
      },
      "63": {
        "start": {
          "line": 103,
          "column": 8
        },
        "end": {
          "line": 103,
          "column": 56
        }
      },
      "64": {
        "start": {
          "line": 107,
          "column": 6
        },
        "end": {
          "line": 136,
          "column": 9
        }
      },
      "65": {
        "start": {
          "line": 114,
          "column": 10
        },
        "end": {
          "line": 128,
          "column": 11
        }
      },
      "66": {
        "start": {
          "line": 115,
          "column": 12
        },
        "end": {
          "line": 115,
          "column": 108
        }
      },
      "67": {
        "start": {
          "line": 116,
          "column": 12
        },
        "end": {
          "line": 118,
          "column": 15
        }
      },
      "68": {
        "start": {
          "line": 117,
          "column": 14
        },
        "end": {
          "line": 117,
          "column": 32
        }
      },
      "69": {
        "start": {
          "line": 119,
          "column": 12
        },
        "end": {
          "line": 119,
          "column": 45
        }
      },
      "70": {
        "start": {
          "line": 120,
          "column": 12
        },
        "end": {
          "line": 120,
          "column": 39
        }
      },
      "71": {
        "start": {
          "line": 121,
          "column": 12
        },
        "end": {
          "line": 121,
          "column": 32
        }
      },
      "72": {
        "start": {
          "line": 122,
          "column": 12
        },
        "end": {
          "line": 122,
          "column": 39
        }
      },
      "73": {
        "start": {
          "line": 123,
          "column": 12
        },
        "end": {
          "line": 123,
          "column": 45
        }
      },
      "74": {
        "start": {
          "line": 124,
          "column": 12
        },
        "end": {
          "line": 124,
          "column": 34
        }
      },
      "75": {
        "start": {
          "line": 125,
          "column": 12
        },
        "end": {
          "line": 125,
          "column": 53
        }
      },
      "76": {
        "start": {
          "line": 126,
          "column": 12
        },
        "end": {
          "line": 126,
          "column": 85
        }
      },
      "77": {
        "start": {
          "line": 127,
          "column": 12
        },
        "end": {
          "line": 127,
          "column": 34
        }
      },
      "78": {
        "start": {
          "line": 129,
          "column": 10
        },
        "end": {
          "line": 132,
          "column": 11
        }
      },
      "79": {
        "start": {
          "line": 130,
          "column": 12
        },
        "end": {
          "line": 130,
          "column": 29
        }
      },
      "80": {
        "start": {
          "line": 131,
          "column": 12
        },
        "end": {
          "line": 131,
          "column": 49
        }
      },
      "81": {
        "start": {
          "line": 139,
          "column": 2
        },
        "end": {
          "line": 139,
          "column": 21
        }
      }
    },
    "fnMap": {
      "0": {
        "name": "MeComponent_Conditional_10_Conditional_6_Template",
        "decl": {
          "start": {
            "line": 15,
            "column": 9
          },
          "end": {
            "line": 15,
            "column": 58
          }
        },
        "loc": {
          "start": {
            "line": 15,
            "column": 68
          },
          "end": {
            "line": 21,
            "column": 1
          }
        },
        "line": 15
      },
      "1": {
        "name": "MeComponent_Conditional_10_Conditional_7_Template",
        "decl": {
          "start": {
            "line": 22,
            "column": 9
          },
          "end": {
            "line": 22,
            "column": 58
          }
        },
        "loc": {
          "start": {
            "line": 22,
            "column": 68
          },
          "end": {
            "line": 41,
            "column": 1
          }
        },
        "line": 22
      },
      "2": {
        "name": "MeComponent_Conditional_10_Conditional_7_Template_button_click_3_listener",
        "decl": {
          "start": {
            "line": 29,
            "column": 36
          },
          "end": {
            "line": 29,
            "column": 109
          }
        },
        "loc": {
          "start": {
            "line": 29,
            "column": 112
          },
          "end": {
            "line": 33,
            "column": 5
          }
        },
        "line": 29
      },
      "3": {
        "name": "MeComponent_Conditional_10_Template",
        "decl": {
          "start": {
            "line": 42,
            "column": 9
          },
          "end": {
            "line": 42,
            "column": 44
          }
        },
        "loc": {
          "start": {
            "line": 42,
            "column": 54
          },
          "end": {
            "line": 72,
            "column": 1
          }
        },
        "line": 42
      },
      "4": {
        "name": "(anonymous_4)",
        "decl": {
          "start": {
            "line": 73,
            "column": 39
          },
          "end": {
            "line": 73,
            "column": 40
          }
        },
        "loc": {
          "start": {
            "line": 73,
            "column": 45
          },
          "end": {
            "line": 140,
            "column": 1
          }
        },
        "line": 73
      },
      "5": {
        "name": "(anonymous_5)",
        "decl": {
          "start": {
            "line": 75,
            "column": 4
          },
          "end": {
            "line": 75,
            "column": 5
          }
        },
        "loc": {
          "start": {
            "line": 75,
            "column": 18
          },
          "end": {
            "line": 81,
            "column": 5
          }
        },
        "line": 75
      },
      "6": {
        "name": "(anonymous_6)",
        "decl": {
          "start": {
            "line": 82,
            "column": 4
          },
          "end": {
            "line": 82,
            "column": 5
          }
        },
        "loc": {
          "start": {
            "line": 82,
            "column": 15
          },
          "end": {
            "line": 84,
            "column": 5
          }
        },
        "line": 82
      },
      "7": {
        "name": "(anonymous_7)",
        "decl": {
          "start": {
            "line": 83,
            "column": 126
          },
          "end": {
            "line": 83,
            "column": 127
          }
        },
        "loc": {
          "start": {
            "line": 83,
            "column": 134
          },
          "end": {
            "line": 83,
            "column": 150
          }
        },
        "line": 83
      },
      "8": {
        "name": "(anonymous_8)",
        "decl": {
          "start": {
            "line": 85,
            "column": 4
          },
          "end": {
            "line": 85,
            "column": 5
          }
        },
        "loc": {
          "start": {
            "line": 85,
            "column": 18
          },
          "end": {
            "line": 88,
            "column": 5
          }
        },
        "line": 85
      },
      "9": {
        "name": "(anonymous_9)",
        "decl": {
          "start": {
            "line": 89,
            "column": 4
          },
          "end": {
            "line": 89,
            "column": 5
          }
        },
        "loc": {
          "start": {
            "line": 89,
            "column": 11
          },
          "end": {
            "line": 91,
            "column": 5
          }
        },
        "line": 89
      },
      "10": {
        "name": "(anonymous_10)",
        "decl": {
          "start": {
            "line": 92,
            "column": 4
          },
          "end": {
            "line": 92,
            "column": 5
          }
        },
        "loc": {
          "start": {
            "line": 92,
            "column": 13
          },
          "end": {
            "line": 100,
            "column": 5
          }
        },
        "line": 92
      },
      "11": {
        "name": "(anonymous_11)",
        "decl": {
          "start": {
            "line": 93,
            "column": 125
          },
          "end": {
            "line": 93,
            "column": 126
          }
        },
        "loc": {
          "start": {
            "line": 93,
            "column": 131
          },
          "end": {
            "line": 99,
            "column": 7
          }
        },
        "line": 93
      },
      "12": {
        "name": "MeComponent_Factory",
        "decl": {
          "start": {
            "line": 102,
            "column": 27
          },
          "end": {
            "line": 102,
            "column": 46
          }
        },
        "loc": {
          "start": {
            "line": 102,
            "column": 66
          },
          "end": {
            "line": 104,
            "column": 7
          }
        },
        "line": 102
      },
      "13": {
        "name": "MeComponent_Template",
        "decl": {
          "start": {
            "line": 113,
            "column": 27
          },
          "end": {
            "line": 113,
            "column": 47
          }
        },
        "loc": {
          "start": {
            "line": 113,
            "column": 57
          },
          "end": {
            "line": 133,
            "column": 9
          }
        },
        "line": 113
      },
      "14": {
        "name": "MeComponent_Template_button_click_4_listener",
        "decl": {
          "start": {
            "line": 116,
            "column": 44
          },
          "end": {
            "line": 116,
            "column": 88
          }
        },
        "loc": {
          "start": {
            "line": 116,
            "column": 91
          },
          "end": {
            "line": 118,
            "column": 13
          }
        },
        "line": 116
      }
    },
    "branchMap": {
      "0": {
        "loc": {
          "start": {
            "line": 16,
            "column": 2
          },
          "end": {
            "line": 20,
            "column": 3
          }
        },
        "type": "if",
        "locations": [
          {
            "start": {
              "line": 16,
              "column": 2
            },
            "end": {
              "line": 20,
              "column": 3
            }
          },
          {
            "start": {
              "line": 16,
              "column": 2
            },
            "end": {
              "line": 20,
              "column": 3
            }
          }
        ],
        "line": 16
      },
      "1": {
        "loc": {
          "start": {
            "line": 23,
            "column": 2
          },
          "end": {
            "line": 40,
            "column": 3
          }
        },
        "type": "if",
        "locations": [
          {
            "start": {
              "line": 23,
              "column": 2
            },
            "end": {
              "line": 40,
              "column": 3
            }
          },
          {
            "start": {
              "line": 23,
              "column": 2
            },
            "end": {
              "line": 40,
              "column": 3
            }
          }
        ],
        "line": 23
      },
      "2": {
        "loc": {
          "start": {
            "line": 43,
            "column": 2
          },
          "end": {
            "line": 58,
            "column": 3
          }
        },
        "type": "if",
        "locations": [
          {
            "start": {
              "line": 43,
              "column": 2
            },
            "end": {
              "line": 58,
              "column": 3
            }
          },
          {
            "start": {
              "line": 43,
              "column": 2
            },
            "end": {
              "line": 58,
              "column": 3
            }
          }
        ],
        "line": 43
      },
      "3": {
        "loc": {
          "start": {
            "line": 59,
            "column": 2
          },
          "end": {
            "line": 71,
            "column": 3
          }
        },
        "type": "if",
        "locations": [
          {
            "start": {
              "line": 59,
              "column": 2
            },
            "end": {
              "line": 71,
              "column": 3
            }
          },
          {
            "start": {
              "line": 59,
              "column": 2
            },
            "end": {
              "line": 71,
              "column": 3
            }
          }
        ],
        "line": 59
      },
      "4": {
        "loc": {
          "start": {
            "line": 66,
            "column": 21
          },
          "end": {
            "line": 66,
            "column": 47
          }
        },
        "type": "cond-expr",
        "locations": [
          {
            "start": {
              "line": 66,
              "column": 41
            },
            "end": {
              "line": 66,
              "column": 42
            }
          },
          {
            "start": {
              "line": 66,
              "column": 45
            },
            "end": {
              "line": 66,
              "column": 47
            }
          }
        ],
        "line": 66
      },
      "5": {
        "loc": {
          "start": {
            "line": 68,
            "column": 21
          },
          "end": {
            "line": 68,
            "column": 48
          }
        },
        "type": "cond-expr",
        "locations": [
          {
            "start": {
              "line": 68,
              "column": 42
            },
            "end": {
              "line": 68,
              "column": 43
            }
          },
          {
            "start": {
              "line": 68,
              "column": 46
            },
            "end": {
              "line": 68,
              "column": 48
            }
          }
        ],
        "line": 68
      },
      "6": {
        "loc": {
          "start": {
            "line": 103,
            "column": 20
          },
          "end": {
            "line": 103,
            "column": 52
          }
        },
        "type": "binary-expr",
        "locations": [
          {
            "start": {
              "line": 103,
              "column": 20
            },
            "end": {
              "line": 103,
              "column": 37
            }
          },
          {
            "start": {
              "line": 103,
              "column": 41
            },
            "end": {
              "line": 103,
              "column": 52
            }
          }
        ],
        "line": 103
      },
      "7": {
        "loc": {
          "start": {
            "line": 114,
            "column": 10
          },
          "end": {
            "line": 128,
            "column": 11
          }
        },
        "type": "if",
        "locations": [
          {
            "start": {
              "line": 114,
              "column": 10
            },
            "end": {
              "line": 128,
              "column": 11
            }
          },
          {
            "start": {
              "line": 114,
              "column": 10
            },
            "end": {
              "line": 128,
              "column": 11
            }
          }
        ],
        "line": 114
      },
      "8": {
        "loc": {
          "start": {
            "line": 129,
            "column": 10
          },
          "end": {
            "line": 132,
            "column": 11
          }
        },
        "type": "if",
        "locations": [
          {
            "start": {
              "line": 129,
              "column": 10
            },
            "end": {
              "line": 132,
              "column": 11
            }
          },
          {
            "start": {
              "line": 129,
              "column": 10
            },
            "end": {
              "line": 132,
              "column": 11
            }
          }
        ],
        "line": 129
      },
      "9": {
        "loc": {
          "start": {
            "line": 131,
            "column": 29
          },
          "end": {
            "line": 131,
            "column": 47
          }
        },
        "type": "cond-expr",
        "locations": [
          {
            "start": {
              "line": 131,
              "column": 40
            },
            "end": {
              "line": 131,
              "column": 42
            }
          },
          {
            "start": {
              "line": 131,
              "column": 45
            },
            "end": {
              "line": 131,
              "column": 47
            }
          }
        ],
        "line": 131
      }
    },
    "s": {
      "0": 0,
      "1": 0,
      "2": 0,
      "3": 0,
      "4": 4,
      "5": 1,
      "6": 1,
      "7": 1,
      "8": 1,
      "9": 1,
      "10": 1,
      "11": 0,
      "12": 0,
      "13": 0,
      "14": 1,
      "15": 1,
      "16": 1,
      "17": 1,
      "18": 1,
      "19": 1,
      "20": 4,
      "21": 1,
      "22": 1,
      "23": 1,
      "24": 1,
      "25": 1,
      "26": 1,
      "27": 1,
      "28": 1,
      "29": 1,
      "30": 1,
      "31": 1,
      "32": 1,
      "33": 1,
      "34": 1,
      "35": 4,
      "36": 3,
      "37": 3,
      "38": 3,
      "39": 3,
      "40": 3,
      "41": 3,
      "42": 3,
      "43": 3,
      "44": 3,
      "45": 3,
      "46": 3,
      "47": 23,
      "48": 1,
      "49": 1,
      "50": 1,
      "51": 1,
      "52": 1,
      "53": 1,
      "54": 1,
      "55": 1,
      "56": 1,
      "57": 1,
      "58": 0,
      "59": 0,
      "60": 0,
      "61": 0,
      "62": 23,
      "63": 1,
      "64": 23,
      "65": 5,
      "66": 1,
      "67": 1,
      "68": 1,
      "69": 1,
      "70": 1,
      "71": 1,
      "72": 1,
      "73": 1,
      "74": 1,
      "75": 1,
      "76": 1,
      "77": 1,
      "78": 5,
      "79": 4,
      "80": 4,
      "81": 23
    },
    "f": {
      "0": 0,
      "1": 4,
      "2": 0,
      "3": 4,
      "4": 23,
      "5": 1,
      "6": 1,
      "7": 1,
      "8": 1,
      "9": 1,
      "10": 0,
      "11": 0,
      "12": 1,
      "13": 5,
      "14": 1
    },
    "b": {
      "0": [
        0,
        0
      ],
      "1": [
        1,
        3
      ],
      "2": [
        1,
        3
      ],
      "3": [
        3,
        1
      ],
      "4": [
        0,
        3
      ],
      "5": [
        3,
        0
      ],
      "6": [
        1,
        1
      ],
      "7": [
        1,
        4
      ],
      "8": [
        4,
        1
      ],
      "9": [
        3,
        1
      ]
    },
    "inputSourceMap": {
      "version": 3,
      "names": [
        "CommonModule",
        "inject",
        "MatSnackBar",
        "Router",
        "Subject",
        "takeUntil",
        "MaterialModule",
        "SessionService",
        "UserService",
        "i0",
        "ɵɵelementStart",
        "ɵɵtext",
        "ɵɵelementEnd",
        "ɵɵlistener",
        "MeComponent_Conditional_10_Conditional_7_Template_button_click_3_listener",
        "ɵɵrestoreView",
        "_r1",
        "ctx_r1",
        "ɵɵnextContext",
        "ɵɵresetView",
        "delete",
        "ɵɵtemplate",
        "MeComponent_Conditional_10_Conditional_6_Template",
        "MeComponent_Conditional_10_Conditional_7_Template",
        "ɵɵadvance",
        "ɵɵtextInterpolate2",
        "user",
        "firstName",
        "ɵɵpipeBind1",
        "lastName",
        "ɵɵtextInterpolate1",
        "email",
        "ɵɵconditional",
        "admin",
        "ɵɵpipeBind2",
        "updatedAt",
        "MeComponent",
        "constructor",
        "router",
        "sessionService",
        "matSnackBar",
        "userService",
        "destroy$",
        "ngOnInit",
        "getById",
        "sessionInformation",
        "id",
        "toString",
        "pipe",
        "subscribe",
        "ngOnDestroy",
        "next",
        "complete",
        "back",
        "window",
        "history",
        "open",
        "duration",
        "logOut",
        "navigate",
        "selectors",
        "decls",
        "vars",
        "consts",
        "template",
        "MeComponent_Template",
        "rf",
        "ctx",
        "MeComponent_Template_button_click_4_listener",
        "MeComponent_Conditional_10_Template",
        "i1",
        "UpperCasePipe",
        "DatePipe",
        "i2",
        "MatButton",
        "MatIconButton",
        "i3",
        "MatCard",
        "MatCardContent",
        "MatCardTitle",
        "i4",
        "MatIcon",
        "encapsulation"
      ],
      "sources": [
        "C:\\Users\\littl\\Documents\\_GIT_Krosmez\\OPENCLASSROOM\\Testez-et-am-liorez-une-application-full-stack\\front\\src\\app\\components\\me\\me.component.ts",
        "C:\\Users\\littl\\Documents\\_GIT_Krosmez\\OPENCLASSROOM\\Testez-et-am-liorez-une-application-full-stack\\front\\src\\app\\components\\me\\me.component.html"
      ],
      "sourcesContent": [
        "import { CommonModule } from '@angular/common';\r\nimport { Component, OnDestroy, OnInit, inject } from '@angular/core';\r\nimport { MatSnackBar } from '@angular/material/snack-bar';\r\nimport { Router } from '@angular/router';\r\nimport { Subject } from 'rxjs';\r\nimport { takeUntil } from 'rxjs/operators';\r\n\r\nimport { MaterialModule } from '../../shared/material.module';\r\nimport { SessionService } from '../../core/service/session.service';\r\nimport { User } from '../../core/models/user.interface';\r\nimport { UserService } from '../../core/service/user.service';\r\n\r\n@Component({\r\n  selector: 'app-me',\r\n  imports: [CommonModule, MaterialModule],\r\n  templateUrl: './me.component.html',\r\n  styleUrls: ['./me.component.scss'],\r\n  standalone: true,\r\n})\r\nexport class MeComponent implements OnInit, OnDestroy {\r\n  private router = inject(Router);\r\n  private sessionService = inject(SessionService);\r\n  private matSnackBar = inject(MatSnackBar);\r\n  private userService = inject(UserService);\r\n  private destroy$ = new Subject<void>();\r\n\r\n  public user: User | undefined;\r\n\r\n  public ngOnInit(): void {\r\n    this.userService\r\n      .getById(this.sessionService.sessionInformation!.id.toString())\r\n      .pipe(takeUntil(this.destroy$))\r\n      .subscribe((user: User) => (this.user = user));\r\n  }\r\n\r\n  public ngOnDestroy(): void {\r\n    this.destroy$.next();\r\n    this.destroy$.complete();\r\n  }\r\n\r\n  public back(): void {\r\n    window.history.back();\r\n  }\r\n\r\n  public delete(): void {\r\n    this.userService\r\n      .delete(this.sessionService.sessionInformation!.id.toString())\r\n      .pipe(takeUntil(this.destroy$))\r\n      .subscribe((): void => {\r\n        this.matSnackBar.open('Your account has been deleted !', 'Close', {\r\n          duration: 3000,\r\n        });\r\n        this.sessionService.logOut();\r\n        this.router.navigate(['/']);\r\n      });\r\n  }\r\n}\r\n",
[...]
        }
      },
      "27": {
        "start": {
          "line": 50,
          "column": 6
        },
        "end": {
          "line": 50,
          "column": 33
        }
      },
      "28": {
        "start": {
          "line": 53,
          "column": 6
        },
        "end": {
          "line": 55,
          "column": 8
        }
      },
      "29": {
        "start": {
          "line": 54,
          "column": 8
        },
        "end": {
          "line": 54,
          "column": 57
        }
      },
      "30": {
        "start": {
          "line": 58,
          "column": 6
        },
        "end": {
          "line": 85,
          "column": 9
        }
      },
      "31": {
        "start": {
          "line": 65,
          "column": 10
        },
        "end": {
          "line": 76,
          "column": 11
        }
      },
      "32": {
        "start": {
          "line": 66,
          "column": 12
        },
        "end": {
          "line": 66,
          "column": 75
        }
      },
      "33": {
        "start": {
          "line": 67,
          "column": 12
        },
        "end": {
          "line": 67,
          "column": 37
        }
      },
      "34": {
        "start": {
          "line": 68,
          "column": 12
        },
        "end": {
          "line": 68,
          "column": 30
        }
      },
      "35": {
        "start": {
          "line": 69,
          "column": 12
        },
        "end": {
          "line": 69,
          "column": 74
        }
      },
      "36": {
        "start": {
          "line": 70,
          "column": 12
        },
        "end": {
          "line": 70,
          "column": 34
        }
      },
      "37": {
        "start": {
          "line": 71,
          "column": 12
        },
        "end": {
          "line": 71,
          "column": 123
        }
      },
      "38": {
        "start": {
          "line": 72,
          "column": 12
        },
        "end": {
          "line": 72,
          "column": 30
        }
      },
      "39": {
        "start": {
          "line": 73,
          "column": 12
        },
        "end": {
          "line": 73,
          "column": 40
        }
      },
      "40": {
        "start": {
          "line": 74,
          "column": 12
        },
        "end": {
          "line": 74,
          "column": 45
        }
      },
      "41": {
        "start": {
          "line": 75,
          "column": 12
        },
        "end": {
          "line": 75,
          "column": 32
        }
      },
      "42": {
        "start": {
          "line": 77,
          "column": 10
        },
        "end": {
          "line": 81,
          "column": 11
        }
      },
      "43": {
        "start": {
          "line": 78,
          "column": 33
        },
        "end": {
          "line": 78,
          "column": 50
        }
      },
      "44": {
        "start": {
          "line": 79,
          "column": 12
        },
        "end": {
          "line": 79,
          "column": 28
        }
      },
      "45": {
        "start": {
          "line": 80,
          "column": 12
        },
        "end": {
          "line": 80,
          "column": 99
        }
      },
      "46": {
        "start": {
          "line": 88,
          "column": 2
        },
        "end": {
          "line": 88,
          "column": 22
        }
      }
    },
    "fnMap": {
      "0": {
        "name": "AppComponent_div_4_Template",
        "decl": {
          "start": {
            "line": 10,
            "column": 9
          },
          "end": {
            "line": 10,
            "column": 36
          }
        },
        "loc": {
          "start": {
            "line": 10,
            "column": 46
          },
          "end": {
            "line": 28,
            "column": 1
          }
        },
        "line": 10
      },
      "1": {
        "name": "AppComponent_div_4_Template_span_click_5_listener",
        "decl": {
          "start": {
            "line": 20,
            "column": 36
          },
          "end": {
            "line": 20,
            "column": 85
          }
        },
        "loc": {
          "start": {
            "line": 20,
            "column": 88
          },
          "end": {
            "line": 24,
            "column": 5
          }
        },
        "line": 20
      },
      "2": {
        "name": "AppComponent_ng_template_6_Template",
        "decl": {
          "start": {
            "line": 29,
            "column": 9
          },
          "end": {
            "line": 29,
            "column": 44
          }
        },
        "loc": {
          "start": {
            "line": 29,
            "column": 54
          },
          "end": {
            "line": 38,
            "column": 1
          }
        },
        "line": 29
      },
      "3": {
        "name": "(anonymous_3)",
        "decl": {
          "start": {
            "line": 39,
            "column": 40
          },
          "end": {
            "line": 39,
            "column": 41
          }
        },
        "loc": {
          "start": {
            "line": 39,
            "column": 46
          },
          "end": {
            "line": 89,
            "column": 1
          }
        },
        "line": 39
      },
      "4": {
        "name": "(anonymous_4)",
        "decl": {
          "start": {
            "line": 41,
            "column": 4
          },
          "end": {
            "line": 41,
            "column": 5
          }
        },
        "loc": {
          "start": {
            "line": 41,
            "column": 18
          },
          "end": {
            "line": 44,
            "column": 5
          }
        },
        "line": 41
      },
      "5": {
        "name": "(anonymous_5)",
        "decl": {
          "start": {
            "line": 45,
            "column": 4
          },
          "end": {
            "line": 45,
            "column": 5
          }
        },
        "loc": {
          "start": {
            "line": 45,
            "column": 16
          },
          "end": {
            "line": 47,
            "column": 5
          }
        },
        "line": 45
      },
      "6": {
        "name": "(anonymous_6)",
        "decl": {
          "start": {
            "line": 48,
            "column": 4
          },
          "end": {
            "line": 48,
            "column": 5
          }
        },
        "loc": {
          "start": {
            "line": 48,
            "column": 13
          },
          "end": {
            "line": 51,
            "column": 5
          }
        },
        "line": 48
      },
      "7": {
        "name": "AppComponent_Factory",
        "decl": {
          "start": {
            "line": 53,
            "column": 27
          },
          "end": {
            "line": 53,
            "column": 47
          }
        },
        "loc": {
          "start": {
            "line": 53,
            "column": 67
          },
          "end": {
            "line": 55,
            "column": 7
          }
        },
        "line": 53
      },
      "8": {
        "name": "AppComponent_Template",
        "decl": {
          "start": {
            "line": 64,
            "column": 27
          },
          "end": {
            "line": 64,
            "column": 48
          }
        },
        "loc": {
          "start": {
            "line": 64,
            "column": 58
          },
          "end": {
            "line": 82,
            "column": 9
          }
        },
        "line": 64
      }
    },
    "branchMap": {
      "0": {
        "loc": {
          "start": {
            "line": 11,
            "column": 2
          },
          "end": {
            "line": 27,
            "column": 3
          }
        },
        "type": "if",
        "locations": [
          {
            "start": {
              "line": 11,
              "column": 2
            },
            "end": {
              "line": 27,
              "column": 3
            }
          },
          {
            "start": {
              "line": 11,
              "column": 2
            },
            "end": {
              "line": 27,
              "column": 3
            }
          }
        ],
        "line": 11
      },
      "1": {
        "loc": {
          "start": {
            "line": 30,
            "column": 2
          },
          "end": {
            "line": 37,
            "column": 3
          }
        },
        "type": "if",
        "locations": [
          {
            "start": {
              "line": 30,
              "column": 2
            },
            "end": {
              "line": 37,
              "column": 3
            }
          },
          {
            "start": {
              "line": 30,
              "column": 2
            },
            "end": {
              "line": 37,
              "column": 3
            }
          }
        ],
        "line": 30
      },
      "2": {
        "loc": {
          "start": {
            "line": 54,
            "column": 20
          },
          "end": {
            "line": 54,
            "column": 53
          }
        },
        "type": "binary-expr",
        "locations": [
          {
            "start": {
              "line": 54,
              "column": 20
            },
            "end": {
              "line": 54,
              "column": 37
            }
          },
          {
            "start": {
              "line": 54,
              "column": 41
            },
            "end": {
              "line": 54,
              "column": 53
            }
          }
        ],
        "line": 54
      },
      "3": {
        "loc": {
          "start": {
            "line": 65,
            "column": 10
          },
          "end": {
            "line": 76,
            "column": 11
          }
        },
        "type": "if",
        "locations": [
          {
            "start": {
              "line": 65,
              "column": 10
            },
            "end": {
              "line": 76,
              "column": 11
            }
          },
          {
            "start": {
              "line": 65,
              "column": 10
            },
            "end": {
              "line": 76,
              "column": 11
            }
          }
        ],
        "line": 65
      },
      "4": {
        "loc": {
          "start": {
            "line": 77,
            "column": 10
          },
          "end": {
            "line": 81,
            "column": 11
          }
        },
        "type": "if",
        "locations": [
          {
            "start": {
              "line": 77,
              "column": 10
            },
            "end": {
              "line": 81,
              "column": 11
            }
          },
          {
            "start": {
              "line": 77,
              "column": 10
            },
            "end": {
              "line": 81,
              "column": 11
            }
          }
        ],
        "line": 77
      }
    },
    "s": {
      "0": 205,
      "1": 17,
      "2": 17,
      "3": 17,
      "4": 17,
      "5": 17,
      "6": 17,
      "7": 17,
      "8": 17,
      "9": 17,
      "10": 4,
      "11": 4,
      "12": 4,
      "13": 17,
      "14": 17,
      "15": 727,
      "16": 27,
      "17": 27,
      "18": 27,
      "19": 27,
      "20": 27,
      "21": 27,
      "22": 23,
      "23": 23,
      "24": 23,
      "25": 888,
      "26": 4,
      "27": 4,
      "28": 23,
      "29": 23,
      "30": 23,
      "31": 911,
      "32": 23,
      "33": 23,
      "34": 23,
      "35": 23,
      "36": 23,
      "37": 23,
      "38": 23,
      "39": 23,
      "40": 23,
      "41": 23,
      "42": 911,
      "43": 888,
      "44": 888,
      "45": 888,
      "46": 23
    },
    "f": {
      "0": 205,
      "1": 4,
      "2": 727,
      "3": 23,
      "4": 23,
      "5": 888,
      "6": 4,
      "7": 23,
      "8": 911
    },
    "b": {
      "0": [
        17,
        188
      ],
      "1": [
        27,
        700
      ],
      "2": [
        23,
        23
      ],
      "3": [
        23,
        888
      ],
      "4": [
        888,
        23
      ]
    },
    "inputSourceMap": {
      "version": 3,
      "names": [
        "CommonModule",
        "inject",
        "Router",
        "RouterModule",
        "RouterOutlet",
        "MaterialModule",
        "SessionService",
        "i0",
        "ɵɵelementStart",
        "ɵɵtext",
        "ɵɵelementEnd",
        "ɵɵlistener",
        "AppComponent_div_4_Template_span_click_5_listener",
        "ɵɵrestoreView",
        "_r1",
        "ctx_r1",
        "ɵɵnextContext",
        "ɵɵresetView",
        "logout",
        "AppComponent",
        "constructor",
        "router",
        "sessionService",
        "$isLogged",
        "logOut",
        "navigate",
        "selectors",
        "decls",
        "vars",
        "consts",
        "template",
        "AppComponent_Template",
        "rf",
        "ctx",
        "ɵɵtemplate",
        "AppComponent_div_4_Template",
        "AppComponent_ng_template_6_Template",
        "ɵɵtemplateRefExtractor",
        "ɵɵelement",
        "ɵɵadvance",
        "ɵɵproperty",
        "ɵɵpipeBind1",
        "notLogged_r3",
        "i1",
        "NgIf",
        "AsyncPipe",
        "i2",
        "MatToolbar",
        "i3",
        "RouterLink",
        "RouterLinkActive",
        "styles"
      ],
      "sources": [
        "C:\\Users\\littl\\Documents\\_GIT_Krosmez\\OPENCLASSROOM\\Testez-et-am-liorez-une-application-full-stack\\front\\src\\app\\app.component.ts",
        "C:\\Users\\littl\\Documents\\_GIT_Krosmez\\OPENCLASSROOM\\Testez-et-am-liorez-une-application-full-stack\\front\\src\\app\\app.component.html"
      ],
      "sourcesContent": [
        "import { CommonModule } from '@angular/common';\r\nimport { Component, inject } from '@angular/core';\r\nimport { Observable } from 'rxjs';\r\nimport { Router, RouterModule, RouterOutlet } from '@angular/router';\r\n\r\nimport { MaterialModule } from './shared/material.module';\r\nimport { SessionService } from './core/service/session.service';\r\n\r\n@Component({\r\n  selector: 'app-root',\r\n  standalone: true,\r\n  imports: [CommonModule, MaterialModule, RouterOutlet, RouterModule],\r\n  templateUrl: './app.component.html',\r\n  styleUrls: ['./app.component.scss'],\r\n})\r\nexport class AppComponent {\r\n  private router = inject(Router);\r\n  private sessionService = inject(SessionService);\r\n\r\n  public $isLogged(): Observable<boolean> {\r\n    return this.sessionService.$isLogged();\r\n  }\r\n\r\n  public logout(): void {\r\n    this.sessionService.logOut();\r\n    this.router.navigate(['']);\r\n  }\r\n}\r\n",
        "<div class=\"app\">\r\n  <mat-toolbar color=\"primary\" fxLayout=\"row\" fxLayoutAlign=\"space-between center\">\r\n    <span>Yoga app</span>\r\n    <div *ngIf=\"$isLogged() | async; else notLogged\">\r\n      <span routerLink=\"sessions\" class=\"link\">Sessions</span>\r\n      <span routerLink=\"me\" class=\"link\">Account</span>\r\n      <span (click)=\"logout()\" class=\"link\">Logout</span>\r\n    </div>\r\n    <ng-template #notLogged>\r\n      <div>\r\n        <a  routerLink=\"/login\" routerLinkActive=\"active\" class=\"link\">Login</a>\r\n        <a routerLink=\"/register\" routerLinkActive=\"active\" class=\"link\">Register</a>\r\n      </div>\r\n    </ng-template>\r\n  </mat-toolbar>\r\n  <div>\r\n    <router-outlet></router-outlet>\r\n  </div>\r\n</div>\r\n"
      ],
      "mappings": "AAAA,SAASA,YAAY,QAAQ,iBAAiB;AAC9C,SAAoBC,MAAM,QAAQ,eAAe;AAEjD,SAASC,MAAM,EAAEC,YAAY,EAAEC,YAAY,QAAQ,iBAAiB;AAEpE,SAASC,cAAc,QAAQ,0BAA0B;AACzD,SAASC,cAAc,QAAQ,gCAAgC;;;;;;;;ICFzDC,EADF,CAAAC,cAAA,UAAiD,cACN;IAAAD,EAAA,CAAAE,MAAA,eAAQ;IAAAF,EAAA,CAAAG,YAAA,EAAO;IACxDH,EAAA,CAAAC,cAAA,cAAmC;IAAAD,EAAA,CAAAE,MAAA,cAAO;IAAAF,EAAA,CAAAG,YAAA,EAAO;IACjDH,EAAA,CAAAC,cAAA,cAAsC;IAAhCD,EAAA,CAAAI,UAAA,mBAAAC,kDAAA;MAAAL,EAAA,CAAAM,aAAA,CAAAC,GAAA;MAAA,MAAAC,MAAA,GAAAR,EAAA,CAAAS,aAAA;MAAA,OAAAT,EAAA,CAAAU,WAAA,CAASF,MAAA,CAAAG,MAAA,EAAQ;IAAA,EAAC;IAAcX,EAAA,CAAAE,MAAA,aAAM;IAC9CF,EAD8C,CAAAG,YAAA,EAAO,EAC/C;;;;;IAGFH,EADF,CAAAC,cAAA,UAAK,WAC4D;IAAAD,EAAA,CAAAE,MAAA,YAAK;IAAAF,EAAA,CAAAG,YAAA,EAAI;IACxEH,EAAA,CAAAC,cAAA,WAAiE;IAAAD,EAAA,CAAAE,MAAA,eAAQ;IAC3EF,EAD2E,CAAAG,YAAA,EAAI,EACzE;;;ADGZ,WAAaS,YAAY;EAAnB,MAAOA,YAAY;IAPzBC,YAAA;MAQU,KAAAC,MAAM,GAAGpB,MAAM,CAACC,MAAM,CAAC;MACvB,KAAAoB,cAAc,GAAGrB,MAAM,CAACK,cAAc,CAAC;;IAExCiB,SAASA,CAAA;MACd,OAAO,IAAI,CAACD,cAAc,CAACC,SAAS,EAAE;IACxC;IAEOL,MAAMA,CAAA;MACX,IAAI,CAACI,cAAc,CAACE,MAAM,EAAE;MAC5B,IAAI,CAACH,MAAM,CAACI,QAAQ,CAAC,CAAC,EAAE,CAAC,CAAC;IAC5B;;;yCAXWN,YAAY;MAAA;IAAA;;;cAAZA,YAAY;QAAAO,SAAA;QAAAC,KAAA;QAAAC,IAAA;QAAAC,MAAA;QAAAC,QAAA,WAAAC,sBAAAC,EAAA,EAAAC,GAAA;UAAA,IAAAD,EAAA;YCbrBzB,EAFJ,CAAAC,cAAA,aAAiB,qBACkE,WACzE;YAAAD,EAAA,CAAAE,MAAA,eAAQ;YAAAF,EAAA,CAAAG,YAAA,EAAO;YACrBH,EAAA,CAAA2B,UAAA,IAAAC,2BAAA,iBAAiD;;YAKjD5B,EAAA,CAAA2B,UAAA,IAAAE,mCAAA,gCAAA7B,EAAA,CAAA8B,sBAAA,CAAwB;YAM1B9B,EAAA,CAAAG,YAAA,EAAc;YACdH,EAAA,CAAAC,cAAA,UAAK;YACHD,EAAA,CAAA+B,SAAA,oBAA+B;YAEnC/B,EADE,CAAAG,YAAA,EAAM,EACF;;;;YAfIH,EAAA,CAAAgC,SAAA,GAA2B;YAAAhC,EAA3B,CAAAiC,UAAA,SAAAjC,EAAA,CAAAkC,WAAA,OAAAR,GAAA,CAAAV,SAAA,IAA2B,aAAAmB,YAAA,CAAc;;;uBDQvC1C,YAAY,EAAA2C,EAAA,CAAAC,IAAA,EAAAD,EAAA,CAAAE,SAAA,EAAExC,cAAc,EAAAyC,EAAA,CAAAC,UAAA,EAAE3C,YAAY,EAAED,YAAY,EAAA6C,EAAA,CAAAC,UAAA,EAAAD,EAAA,CAAAE,gBAAA;QAAAC,MAAA;MAAA;IAAA;;SAIvDhC,YAAY;AAAA",
      "ignoreList": []
    },
    "_coverageSchema": "1a1c01bbd47fc00a2c39e90264f33305004495a9",
    "hash": "7ef9d0caa228703fc8f83e9418526a39eace7e75"
  },
  "C:\\Users\\littl\\Documents\\_GIT_Krosmez\\OPENCLASSROOM\\Testez-et-am-liorez-une-application-full-stack\\front\\src\\main.ts": {
    "path": "C:\\Users\\littl\\Documents\\_GIT_Krosmez\\OPENCLASSROOM\\Testez-et-am-liorez-une-application-full-stack\\front\\src\\main.ts",
    "statementMap": {
      "0": {
        "start": {
          "line": 4,
          "column": 0
        },
        "end": {
          "line": 4,
          "column": 79
        }
      },
      "1": {
        "start": {
          "line": 4,
          "column": 59
        },
        "end": {
          "line": 4,
          "column": 77
        }
      }
    },
    "fnMap": {
      "0": {
        "name": "(anonymous_0)",
        "decl": {
          "start": {
            "line": 4,
            "column": 52
          },
          "end": {
            "line": 4,
            "column": 53
          }
        },
        "loc": {
          "start": {
            "line": 4,
            "column": 59
          },
          "end": {
            "line": 4,
            "column": 77
          }
        },
        "line": 4
      }
    },
    "branchMap": {},
    "s": {
      "0": 23,
      "1": 0
    },
    "f": {
      "0": 0
    },
    "b": {},
    "inputSourceMap": {
      "version": 3,
      "names": [
        "bootstrapApplication",
        "appConfig",
        "AppComponent",
        "catch",
        "err",
        "console",
        "error"
      ],
      "sources": [
        "C:\\Users\\littl\\Documents\\_GIT_Krosmez\\OPENCLASSROOM\\Testez-et-am-liorez-une-application-full-stack\\front\\src\\main.ts"
      ],
      "sourcesContent": [
        "import { bootstrapApplication } from '@angular/platform-browser';\r\nimport { appConfig } from './app/app.config';\r\nimport { AppComponent } from './app/app.component';\r\n\r\nbootstrapApplication(AppComponent, appConfig)\r\n  .catch((err) => console.error(err));\r\n"
      ],
      "mappings": "AAAA,SAASA,oBAAoB,QAAQ,2BAA2B;AAChE,SAASC,SAAS,QAAQ,kBAAkB;AAC5C,SAASC,YAAY,QAAQ,qBAAqB;AAElDF,oBAAoB,CAACE,YAAY,EAAED,SAAS,CAAC,CAC1CE,KAAK,CAAEC,GAAG,IAAKC,OAAO,CAACC,KAAK,CAACF,GAAG,CAAC,CAAC",
      "ignoreList": []
    },
    "_coverageSchema": "1a1c01bbd47fc00a2c39e90264f33305004495a9",
    "hash": "06bbd61083108a8e255d552ba6e25ecf03fefe7e"
  }
}